
Showing logs for build [32mcb-kubecd-bdd-spring-1585240901-8jbd9-1[0m stage [32mfrom-build-pack[0m and container [32mstep-credential-initializer-htc9h[0m
{"level":"warn","ts":1585241036.048554,"logger":"fallback-logger","caller":"logging/config.go:69","msg":"Fetch GitHub commit ID from kodata failed: \"ref: refs/heads/0.8.0-**-support-backwards-incompats\" is not a valid GitHub commit ID"}
{"level":"info","ts":1585241036.0490978,"logger":"fallback-logger","caller":"creds-init/main.go:40","msg":"Credentials initialized."}

Showing logs for build [32mcb-kubecd-bdd-spring-1585240901-8jbd9-1[0m stage [32mfrom-build-pack[0m and container [32mstep-working-dir-initializer-n2sqj[0m
{"level":"warn","ts":1585241036.9678602,"logger":"fallback-logger","caller":"logging/config.go:69","msg":"Fetch GitHub commit ID from kodata failed: open /var/run/ko/HEAD: no such file or directory"}
{"level":"info","ts":1585241036.9756048,"logger":"fallback-logger","caller":"bash/main.go:64","msg":"Successfully executed command \"sh -c mkdir -p /workspace/source\"; output "}

Showing logs for build [32mcb-kubecd-bdd-spring-1585240901-8jbd9-1[0m stage [32mfrom-build-pack[0m and container [32mstep-place-tools[0m

Showing logs for build [32mcb-kubecd-bdd-spring-1585240901-8jbd9-1[0m stage [32mfrom-build-pack[0m and container [32mstep-git-source-cb-kubecd-bdd-spring-1585240901-8jbd9-cwr5d[0m
{"level":"warn","ts":1585241045.9902937,"logger":"fallback-logger","caller":"logging/config.go:69","msg":"Fetch GitHub commit ID from kodata failed: \"ref: refs/heads/0.8.0-**-support-backwards-incompats\" is not a valid GitHub commit ID"}
{"level":"info","ts":1585241047.2030146,"logger":"fallback-logger","caller":"git/git.go:103","msg":"Successfully cloned https://github.com/cb-kubecd/bdd-spring-1585240901.git @ v0.0.1 in path /workspace/source"}

Showing logs for build [32mcb-kubecd-bdd-spring-1585240901-8jbd9-1[0m stage [32mfrom-build-pack[0m and container [32mstep-git-merge[0m
Using SHAs from PULL_REFS=master:2bc87c517cc381da253c2548d7b0b2005da68003
WARNING: no SHAs to merge, falling back to initial cloned commit

Showing logs for build [32mcb-kubecd-bdd-spring-1585240901-8jbd9-1[0m stage [32mfrom-build-pack[0m and container [32mstep-setup-jx-git-credentials[0m
Generated Git credentials file /workspace/xdg_config/git/credentials

Showing logs for build [32mcb-kubecd-bdd-spring-1585240901-8jbd9-1[0m stage [32mfrom-build-pack[0m and container [32mstep-build-mvn-deploy[0m
Picked up _JAVA_OPTIONS: -XX:+UnlockExperimentalVMOptions -XX:+UseCGroupMemoryLimitForHeap -Dsun.zip.disableMemoryMapping=true -XX:+UseParallelGC -XX:MinHeapFreeRatio=5 -XX:MaxHeapFreeRatio=10 -XX:GCTimeRatio=4 -XX:AdaptiveSizePolicyWeight=90 -Xms10m -Xmx192m
OpenJDK 64-Bit Server VM warning: If the number of processors is expected to increase from one, then you should configure the number of parallel GC threads appropriately using -XX:ParallelGCThreads=N
[INFO] Scanning for projects...
[INFO] 
[INFO] -----------------< com.example:bdd-spring-1585240901 >------------------
[INFO] Building demo 0.0.1
[INFO] --------------------------------[ jar ]---------------------------------
[INFO] 
[INFO] --- maven-clean-plugin:3.1.0:clean (default-clean) @ bdd-spring-1585240901 ---
[INFO] 
[INFO] --- maven-resources-plugin:3.1.0:resources (default-resources) @ bdd-spring-1585240901 ---
[INFO] Using 'UTF-8' encoding to copy filtered resources.
[INFO] Copying 1 resource
[INFO] Copying 0 resource
[INFO] 
[INFO] --- maven-compiler-plugin:3.8.1:compile (default-compile) @ bdd-spring-1585240901 ---
[INFO] Changes detected - recompiling the module!
[INFO] Compiling 1 source file to /workspace/source/target/classes
[INFO] 
[INFO] --- maven-resources-plugin:3.1.0:testResources (default-testResources) @ bdd-spring-1585240901 ---
[INFO] Using 'UTF-8' encoding to copy filtered resources.
[INFO] skip non existing resourceDirectory /workspace/source/src/test/resources
[INFO] 
[INFO] --- maven-compiler-plugin:3.8.1:testCompile (default-testCompile) @ bdd-spring-1585240901 ---
[INFO] Changes detected - recompiling the module!
[INFO] Compiling 1 source file to /workspace/source/target/test-classes
[INFO] 
[INFO] --- maven-surefire-plugin:3.0.0-M1:test (default-test) @ bdd-spring-1585240901 ---
[INFO] 
[INFO] -------------------------------------------------------
[INFO]  T E S T S
[INFO] -------------------------------------------------------
[INFO] Running com.example.bddspring1585240901.DemoApplicationTests
16:44:46.544 [main] DEBUG org.springframework.test.context.BootstrapUtils - Instantiating CacheAwareContextLoaderDelegate from class [org.springframework.test.context.cache.DefaultCacheAwareContextLoaderDelegate]
16:44:46.615 [main] DEBUG org.springframework.test.context.BootstrapUtils - Instantiating BootstrapContext using constructor [public org.springframework.test.context.support.DefaultBootstrapContext(java.lang.Class,org.springframework.test.context.CacheAwareContextLoaderDelegate)]
16:44:46.738 [main] DEBUG org.springframework.test.context.BootstrapUtils - Instantiating TestContextBootstrapper for test class [com.example.bddspring1585240901.DemoApplicationTests] from class [org.springframework.boot.test.context.SpringBootTestContextBootstrapper]
16:44:46.808 [main] INFO org.springframework.boot.test.context.SpringBootTestContextBootstrapper - Neither @ContextConfiguration nor @ContextHierarchy found for test class [com.example.bddspring1585240901.DemoApplicationTests], using SpringBootContextLoader
16:44:46.819 [main] DEBUG org.springframework.test.context.support.AbstractContextLoader - Did not detect default resource location for test class [com.example.bddspring1585240901.DemoApplicationTests]: class path resource [com/example/bddspring1585240901/DemoApplicationTests-context.xml] does not exist
16:44:46.819 [main] DEBUG org.springframework.test.context.support.AbstractContextLoader - Did not detect default resource location for test class [com.example.bddspring1585240901.DemoApplicationTests]: class path resource [com/example/bddspring1585240901/DemoApplicationTestsContext.groovy] does not exist
16:44:46.820 [main] INFO org.springframework.test.context.support.AbstractContextLoader - Could not detect default resource locations for test class [com.example.bddspring1585240901.DemoApplicationTests]: no resource found for suffixes {-context.xml, Context.groovy}.
16:44:46.821 [main] INFO org.springframework.test.context.support.AnnotationConfigContextLoaderUtils - Could not detect default configuration classes for test class [com.example.bddspring1585240901.DemoApplicationTests]: DemoApplicationTests does not declare any static, non-private, non-final, nested classes annotated with @Configuration.
16:44:46.936 [main] DEBUG org.springframework.test.context.support.ActiveProfilesUtils - Could not find an 'annotation declaring class' for annotation type [org.springframework.test.context.ActiveProfiles] and class [com.example.bddspring1585240901.DemoApplicationTests]
16:44:47.116 [main] DEBUG org.springframework.context.annotation.ClassPathScanningCandidateComponentProvider - Identified candidate component class: file [/workspace/source/target/classes/com/example/bddspring1585240901/DemoApplication.class]
16:44:47.128 [main] INFO org.springframework.boot.test.context.SpringBootTestContextBootstrapper - Found @SpringBootConfiguration com.example.bddspring1585240901.DemoApplication for test class com.example.bddspring1585240901.DemoApplicationTests
16:44:47.424 [main] DEBUG org.springframework.boot.test.context.SpringBootTestContextBootstrapper - @TestExecutionListeners is not present for class [com.example.bddspring1585240901.DemoApplicationTests]: using defaults.
16:44:47.425 [main] INFO org.springframework.boot.test.context.SpringBootTestContextBootstrapper - Loaded default TestExecutionListener class names from location [META-INF/spring.factories]: [org.springframework.boot.test.mock.mockito.MockitoTestExecutionListener, org.springframework.boot.test.mock.mockito.ResetMocksTestExecutionListener, org.springframework.boot.test.autoconfigure.restdocs.RestDocsTestExecutionListener, org.springframework.boot.test.autoconfigure.web.client.MockRestServiceServerResetTestExecutionListener, org.springframework.boot.test.autoconfigure.web.servlet.MockMvcPrintOnlyOnFailureTestExecutionListener, org.springframework.boot.test.autoconfigure.web.servlet.WebDriverTestExecutionListener, org.springframework.test.context.web.ServletTestExecutionListener, org.springframework.test.context.support.DirtiesContextBeforeModesTestExecutionListener, org.springframework.test.context.support.DependencyInjectionTestExecutionListener, org.springframework.test.context.support.DirtiesContextTestExecutionListener, org.springframework.test.context.transaction.TransactionalTestExecutionListener, org.springframework.test.context.jdbc.SqlScriptsTestExecutionListener, org.springframework.test.context.event.EventPublishingTestExecutionListener]
16:44:47.477 [main] DEBUG org.springframework.boot.test.context.SpringBootTestContextBootstrapper - Skipping candidate TestExecutionListener [org.springframework.test.context.transaction.TransactionalTestExecutionListener] due to a missing dependency. Specify custom listener classes or make the default listener classes and their required dependencies available. Offending class: [org/springframework/transaction/TransactionDefinition]
16:44:47.480 [main] DEBUG org.springframework.boot.test.context.SpringBootTestContextBootstrapper - Skipping candidate TestExecutionListener [org.springframework.test.context.jdbc.SqlScriptsTestExecutionListener] due to a missing dependency. Specify custom listener classes or make the default listener classes and their required dependencies available. Offending class: [org/springframework/transaction/interceptor/TransactionAttribute]
16:44:47.482 [main] INFO org.springframework.boot.test.context.SpringBootTestContextBootstrapper - Using TestExecutionListeners: [org.springframework.test.context.web.ServletTestExecutionListener@73e22a3d, org.springframework.test.context.support.DirtiesContextBeforeModesTestExecutionListener@47faa49c, org.springframework.boot.test.mock.mockito.MockitoTestExecutionListener@28f2a10f, org.springframework.boot.test.autoconfigure.SpringBootDependencyInjectionTestExecutionListener@f736069, org.springframework.test.context.support.DirtiesContextTestExecutionListener@6da21078, org.springframework.test.context.event.EventPublishingTestExecutionListener@7fee8714, org.springframework.boot.test.mock.mockito.ResetMocksTestExecutionListener@4229bb3f, org.springframework.boot.test.autoconfigure.restdocs.RestDocsTestExecutionListener@56cdfb3b, org.springframework.boot.test.autoconfigure.web.client.MockRestServiceServerResetTestExecutionListener@2b91004a, org.springframework.boot.test.autoconfigure.web.servlet.MockMvcPrintOnlyOnFailureTestExecutionListener@20ccf40b, org.springframework.boot.test.autoconfigure.web.servlet.WebDriverTestExecutionListener@2fb3536e]
16:44:47.509 [main] DEBUG org.springframework.test.context.support.AbstractDirtiesContextTestExecutionListener - Before test class: context [DefaultTestContext@614ca7df testClass = DemoApplicationTests, testInstance = [null], testMethod = [null], testException = [null], mergedContextConfiguration = [WebMergedContextConfiguration@4738a206 testClass = DemoApplicationTests, locations = '{}', classes = '{class com.example.bddspring1585240901.DemoApplication}', contextInitializerClasses = '[]', activeProfiles = '{}', propertySourceLocations = '{}', propertySourceProperties = '{org.springframework.boot.test.context.SpringBootTestContextBootstrapper=true}', contextCustomizers = set[org.springframework.boot.test.context.filter.ExcludeFilterContextCustomizer@71b1176b, org.springframework.boot.test.json.DuplicateJsonObjectContextCustomizerFactory$DuplicateJsonObjectContextCustomizer@159f197, org.springframework.boot.test.mock.mockito.MockitoContextCustomizer@0, org.springframework.boot.test.web.client.TestRestTemplateContextCustomizer@3cc2931c, org.springframework.boot.test.autoconfigure.properties.PropertyMappingContextCustomizer@0, org.springframework.boot.test.autoconfigure.web.servlet.WebDriverContextCustomizerFactory$Customizer@1c93084c], resourceBasePath = 'src/main/webapp', contextLoader = 'org.springframework.boot.test.context.SpringBootContextLoader', parent = [null]], attributes = map['org.springframework.test.context.web.ServletTestExecutionListener.activateListener' -> true]], class annotated with @DirtiesContext [false] with mode [null].
16:44:47.612 [main] DEBUG org.springframework.test.context.support.TestPropertySourceUtils - Adding inlined properties to environment: {spring.jmx.enabled=false, org.springframework.boot.test.context.SpringBootTestContextBootstrapper=true, server.port=-1}

  .   ____          _            __ _ _
 /\\ / ___'_ __ _ _(_)_ __  __ _ \ \ \ \
( ( )\___ | '_ | '_| | '_ \/ _` | \ \ \ \
 \\/  ___)| |_)| | | | | || (_| |  ) ) ) )
  '  |____| .__|_| |_|_| |_\__, | / / / /
 =========|_|==============|___/=/_/_/_/
 :: Spring Boot ::        (v2.2.6.RELEASE)

2020-03-26 16:44:48.244  INFO 71 --- [           main] c.e.b.DemoApplicationTests               : Starting DemoApplicationTests on cb-kubecd-bdd-spring-1585240901-8jbd9-1-from-build-pack-z9ppw-p with PID 71 (started by root in /workspace/source)
2020-03-26 16:44:48.253  INFO 71 --- [           main] c.e.b.DemoApplicationTests               : No active profile set, falling back to default profiles: default
2020-03-26 16:44:55.941  INFO 71 --- [           main] o.s.s.concurrent.ThreadPoolTaskExecutor  : Initializing ExecutorService 'applicationTaskExecutor'
2020-03-26 16:44:57.715  INFO 71 --- [           main] o.s.b.a.e.web.EndpointLinksResolver      : Exposing 2 endpoint(s) beneath base path '/actuator'
2020-03-26 16:44:57.915  INFO 71 --- [           main] c.e.b.DemoApplicationTests               : Started DemoApplicationTests in 10.277 seconds (JVM running for 13.233)
[INFO] Tests run: 1, Failures: 0, Errors: 0, Skipped: 0, Time elapsed: 12.307 s - in com.example.bddspring1585240901.DemoApplicationTests
2020-03-26 16:44:58.753  INFO 71 --- [extShutdownHook] o.s.s.concurrent.ThreadPoolTaskExecutor  : Shutting down ExecutorService 'applicationTaskExecutor'
[INFO] 
[INFO] Results:
[INFO] 
[INFO] Tests run: 1, Failures: 0, Errors: 0, Skipped: 0
[INFO] 
[INFO] 
[INFO] --- maven-jar-plugin:3.1.2:jar (default-jar) @ bdd-spring-1585240901 ---
[INFO] Building jar: /workspace/source/target/bdd-spring-1585240901-0.0.1.jar
[INFO] 
[INFO] --- spring-boot-maven-plugin:2.2.6.RELEASE:repackage (repackage) @ bdd-spring-1585240901 ---
[INFO] Replacing main artifact with repackaged archive
[INFO] 
[INFO] --- maven-install-plugin:2.5.2:install (default-install) @ bdd-spring-1585240901 ---
[INFO] Installing /workspace/source/target/bdd-spring-1585240901-0.0.1.jar to /home/jenkins/.mvnrepository/com/example/bdd-spring-1585240901/0.0.1/bdd-spring-1585240901-0.0.1.jar
[INFO] Installing /workspace/source/pom.xml to /home/jenkins/.mvnrepository/com/example/bdd-spring-1585240901/0.0.1/bdd-spring-1585240901-0.0.1.pom
[INFO] 
[INFO] --- maven-deploy-plugin:2.8.2:deploy (default-deploy) @ bdd-spring-1585240901 ---
[INFO] Using alternate deployment repository local-nexus::default::http://nexus/repository/maven-releases/
[INFO] ------------------------------------------------------------------------
[INFO] BUILD SUCCESS
[INFO] ------------------------------------------------------------------------
[INFO] Total time:  01:00 min
[INFO] Finished at: 2020-03-26T16:45:12Z
[INFO] ------------------------------------------------------------------------

Showing logs for build [32mcb-kubecd-bdd-spring-1585240901-8jbd9-1[0m stage [32mfrom-build-pack[0m and container [32mstep-build-skaffold-version[0m
v1.0.1

Showing logs for build [32mcb-kubecd-bdd-spring-1585240901-8jbd9-1[0m stage [32mfrom-build-pack[0m and container [32mstep-build-container-build[0m
[36mINFO[0m[0000] Downloading base image openjdk:8-jdk-slim    
ERROR: logging before flag.Parse: E0326 16:45:15.306582      10 metadata.go:142] while reading 'google-dockercfg' metadata: http status code: 404 while fetching url http://metadata.google.internal./computeMetadata/v1/instance/attributes/google-dockercfg
ERROR: logging before flag.Parse: E0326 16:45:15.309597      10 metadata.go:159] while reading 'google-dockercfg-url' metadata: http status code: 404 while fetching url http://metadata.google.internal./computeMetadata/v1/instance/attributes/google-dockercfg-url
2020/03/26 16:45:15 No matching credentials were found, falling back on anonymous
[36mINFO[0m[0001] Error while retrieving image from cache: getting file info: stat /workspace/sha256:9a6201786a233a26fa84d1f61affddacab15e9cba06bb9cf0db38ec9c285773b: no such file or directory 
[36mINFO[0m[0001] Downloading base image openjdk:8-jdk-slim    
2020/03/26 16:45:16 No matching credentials were found, falling back on anonymous
[36mINFO[0m[0002] cmd: EXPOSE                                  
[36mINFO[0m[0002] Adding exposed port: 8080/tcp                
[36mINFO[0m[0002] Using files from context: [/workspace/source/pom.xml] 
[36mINFO[0m[0002] Using files from context: [/workspace/source/target/bdd-spring-1585240901-0.0.1.jar] 
[36mINFO[0m[0002] Skipping unpacking as no commands require it. 
[36mINFO[0m[0002] Taking snapshot of full filesystem...        
[36mINFO[0m[0002] ENV PORT 8080                                
[36mINFO[0m[0002] No files changed in this command, skipping snapshotting. 
[36mINFO[0m[0002] ENV CLASSPATH /opt/lib                       
[36mINFO[0m[0002] No files changed in this command, skipping snapshotting. 
[36mINFO[0m[0002] EXPOSE 8080                                  
[36mINFO[0m[0002] cmd: EXPOSE                                  
[36mINFO[0m[0002] Adding exposed port: 8080/tcp                
[36mINFO[0m[0002] No files changed in this command, skipping snapshotting. 
[36mINFO[0m[0002] Using files from context: [/workspace/source/pom.xml] 
[36mINFO[0m[0002] COPY pom.xml target/lib* /opt/lib/           
[36mINFO[0m[0002] Taking snapshot of files...                  
[36mINFO[0m[0002] Using files from context: [/workspace/source/target/bdd-spring-1585240901-0.0.1.jar] 
[36mINFO[0m[0002] COPY target/*.jar /opt/app.jar               
[36mINFO[0m[0002] Taking snapshot of files...                  
[36mINFO[0m[0002] WORKDIR /opt                                 
[36mINFO[0m[0002] cmd: workdir                                 
[36mINFO[0m[0002] Changed working directory to /opt            
[36mINFO[0m[0002] No files changed in this command, skipping snapshotting. 
[36mINFO[0m[0002] CMD ["java", "-XX:+UnlockExperimentalVMOptions", "-XX:+UseCGroupMemoryLimitForHeap", "-jar", "app.jar"] 
[36mINFO[0m[0002] No files changed in this command, skipping snapshotting. 
2020/03/26 16:45:18 existing blob: sha256:68ced04f60ab5c7a5f1d0b0b4e7572c5a4c8cce44866513d30d9df1a15277d6b
2020/03/26 16:45:18 existing blob: sha256:cd812b6e86d2716865163d0858b828d2adbce541cd7b2f057ec5a461f0ac4301
2020/03/26 16:45:18 existing blob: sha256:1036c6da18fe8ac7f046061bc1cc870d2a1608caceded73416ec139bae64a0c6
2020/03/26 16:45:18 existing blob: sha256:4874c5772968dcab87c114bee2baf2c7e9a06dda36e63bdfeab71bd4d6f02890
2020/03/26 16:45:21 pushed blob: sha256:0a064baf5cfa5255ec206c9c0e3539c2d961c8ee26340f479f89b10afc2417ab
2020/03/26 16:45:21 pushed blob: sha256:5cc8b64b41e6f261e09867a74f2e0f6ff319c2b706cfb5b97f3742beb806d32f
2020/03/26 16:45:23 pushed blob: sha256:136b734223dc7ba3329394ed531e0ca64d5b629d788ac11a9438726a47793464
2020/03/26 16:45:25 gcr.io/jenkins-x-bdd3/bdd-spring-1585240901:0.0.1: digest: sha256:6115142912f20b447b3bbdab9ed5c59a4803917fc4c702e17f83102e336f8c39 size: 1244

Showing logs for build [32mcb-kubecd-bdd-spring-1585240901-8jbd9-1[0m stage [32mfrom-build-pack[0m and container [32mstep-build-post-build[0m
no CVE provider running in the current ** namespace so skip adding image to be analysed

Showing logs for build [32mcb-kubecd-bdd-spring-1585240901-8jbd9-1[0m stage [32mfrom-build-pack[0m and container [32mstep-promote-changelog[0m
Converted /workspace/source/charts/bdd-spring-1585240901 to an unshallow repository
Generating change log from git ref b9d8c6e0fa4214ea70c92a96ac562025b30a8036 => 671ced5979a42c86632c726d029f405e7a429925
Associating user x-0 in users.jenkins.io with email c**d-bot@cloudbees.com to git GitProvider user with login -0 as emails match
Adding label jenkins.io/git-github-userid=-0 to user x-0 in users.jenkins.io
WARNING: Failed to enrich commit 2bc87c517cc381da253c2548d7b0b2005da68003 with issues: User.jenkins.io "x-0" is invalid: metadata.labels: Invalid value: "-0": a valid label must be an empty string or consist of alphanumeric characters, '-', '_' or '.', and must start and end with an alphanumeric character (e.g. 'MyValue',  or 'my_value',  or '12345', regex used for validation is '(([A-Za-z0-9][-A-Za-z0-9_.]*)?[A-Za-z0-9])?')
Finding issues in commit messages using git format
Associating user x-0 in users.jenkins.io with email c**d-bot@cloudbees.com to git GitProvider user with login -0 as emails match
Adding label jenkins.io/git-github-userid=-0 to user x-0 in users.jenkins.io
WARNING: Failed to enrich commit 1e18c87de758db1d277d6cc247398db747ecaf66 with issues: User.jenkins.io "x-0" is invalid: metadata.labels: Invalid value: "-0": a valid label must be an empty string or consist of alphanumeric characters, '-', '_' or '.', and must start and end with an alphanumeric character (e.g. 'MyValue',  or 'my_value',  or '12345', regex used for validation is '(([A-Za-z0-9][-A-Za-z0-9_.]*)?[A-Za-z0-9])?')
Associating user x-0 in users.jenkins.io with email c**d-bot@cloudbees.com to git GitProvider user with login -0 as emails match
Adding label jenkins.io/git-github-userid=-0 to user x-0 in users.jenkins.io
WARNING: Failed to enrich commit 1e18c87de758db1d277d6cc247398db747ecaf66 with issues: User.jenkins.io "x-0" is invalid: metadata.labels: Invalid value: "-0": a valid label must be an empty string or consist of alphanumeric characters, '-', '_' or '.', and must start and end with an alphanumeric character (e.g. 'MyValue',  or 'my_value',  or '12345', regex used for validation is '(([A-Za-z0-9][-A-Za-z0-9_.]*)?[A-Za-z0-9])?')
WARNING: No release found for cb-kubecd/bdd-spring-1585240901 and tag v0.0.1 so creating a new release
Updated the release information at https://github.com/cb-kubecd/bdd-spring-1585240901/releases/tag/v0.0.1
generated: /workspace/source/charts/bdd-spring-1585240901/templates/release.yaml
Created Release bdd-spring-1585240901-0-0-1 resource in namespace **
Updating PipelineActivity cb-kubecd-bdd-spring-1585240901-master-1 with version 0.0.1
Updated PipelineActivities cb-kubecd-bdd-spring-1585240901-master-1 with release notes URL: https://github.com/cb-kubecd/bdd-spring-1585240901/releases/tag/v0.0.1

Showing logs for build [32mcb-kubecd-bdd-spring-1585240901-8jbd9-1[0m stage [32mfrom-build-pack[0m and container [32mstep-promote-helm-release[0m
WARNING: No $CHART_REPOSITORY defined so using the default value of: http://jenkins-x-chartmuseum:8080
Adding missing Helm repo: storage.googleapis.com https://storage.googleapis.com/chartmuseum.jenkins-x.io
WARNING: No secrets found on "helm/repos" due: reading the secret "helm/repos" from vault: no secret "helm/repos" not found in vault
Read credentials for https://storage.googleapis.com/chartmuseum.jenkins-x.io from vault helm/repos
Successfully added Helm repository storage.googleapis.com.
Adding missing Helm repo: jenkins-x-chartmuseum http://jenkins-x-chartmuseum:8080
WARNING: No secrets found on "helm/repos" due: reading the secret "helm/repos" from vault: no secret "helm/repos" not found in vault
Read credentials for http://jenkins-x-chartmuseum:8080 from vault helm/repos
Successfully added Helm repository jenkins-x-chartmuseum.
WARNING: No $CHART_REPOSITORY defined so using the default value of: http://jenkins-x-chartmuseum:8080
Uploading chart file bdd-spring-1585240901-0.0.1.tgz to http://jenkins-x-chartmuseum:8080/api/charts
Received 201 response: {"saved":true}

Showing logs for build [32mcb-kubecd-bdd-spring-1585240901-8jbd9-1[0m stage [32mfrom-build-pack[0m and container [32mstep-promote-jx-promote[0m
WARNING: prow based install so skip waiting for the merge of Pull Requests to go green as currently there is an issue with gettingstatuses from the PR, see https://github.com/jenkins-x/**/issues/2410
WARNING: No $CHART_REPOSITORY defined so using the default value of: http://jenkins-x-chartmuseum:8080
Promoting app bdd-spring-1585240901 version 0.0.1 to namespace **-staging
WARNING: 
WARNING: Waiting for the fork of c**d-bot-test/environment-pr-190-8-gke-upgrade-staging to appear...
Forked Git repository to https://github.com/c**d-bot-test/environment-pr-190-8-gke-upgrade-staging
Created Pull Request: https://github.com/cb-kubecd/environment-pr-190-8-gke-upgrade-staging/pull/1
Added label updatebot to Pull Request https://github.com/cb-kubecd/environment-pr-190-8-gke-upgrade-staging/pull/1
WARNING: Failed to query the Pull Request last commit status for https://github.com/cb-kubecd/environment-pr-190-8-gke-upgrade-staging/pull/1 ref 9d3db483e079d6139d5f8ce974ab7117142265e1 Could not find a status for repository cb-kubecd/environment-pr-190-8-gke-upgrade-staging with ref 9d3db483e079d6139d5f8ce974ab7117142265e1
WARNING: Failed to query the Pull Request last commit status for https://github.com/cb-kubecd/environment-pr-190-8-gke-upgrade-staging/pull/1 ref 9d3db483e079d6139d5f8ce974ab7117142265e1 Could not find a status for repository cb-kubecd/environment-pr-190-8-gke-upgrade-staging with ref 9d3db483e079d6139d5f8ce974ab7117142265e1
WARNING: Failed to query the Pull Request last commit status for https://github.com/cb-kubecd/environment-pr-190-8-gke-upgrade-staging/pull/1 ref 9d3db483e079d6139d5f8ce974ab7117142265e1 Could not find a status for repository cb-kubecd/environment-pr-190-8-gke-upgrade-staging with ref 9d3db483e079d6139d5f8ce974ab7117142265e1
WARNING: Failed to query the Pull Request last commit status for https://github.com/cb-kubecd/environment-pr-190-8-gke-upgrade-staging/pull/1 ref 9d3db483e079d6139d5f8ce974ab7117142265e1 Could not find a status for repository cb-kubecd/environment-pr-190-8-gke-upgrade-staging with ref 9d3db483e079d6139d5f8ce974ab7117142265e1
WARNING: Failed to query the Pull Request last commit status for https://github.com/cb-kubecd/environment-pr-190-8-gke-upgrade-staging/pull/1 ref 9d3db483e079d6139d5f8ce974ab7117142265e1 Could not find a status for repository cb-kubecd/environment-pr-190-8-gke-upgrade-staging with ref 9d3db483e079d6139d5f8ce974ab7117142265e1
WARNING: Failed to query the Pull Request last commit status for https://github.com/cb-kubecd/environment-pr-190-8-gke-upgrade-staging/pull/1 ref 9d3db483e079d6139d5f8ce974ab7117142265e1 Could not find a status for repository cb-kubecd/environment-pr-190-8-gke-upgrade-staging with ref 9d3db483e079d6139d5f8ce974ab7117142265e1
WARNING: Failed to query the Pull Request last commit status for https://github.com/cb-kubecd/environment-pr-190-8-gke-upgrade-staging/pull/1 ref 9d3db483e079d6139d5f8ce974ab7117142265e1 Could not find a status for repository cb-kubecd/environment-pr-190-8-gke-upgrade-staging with ref 9d3db483e079d6139d5f8ce974ab7117142265e1
WARNING: Failed to query the Pull Request last commit status for https://github.com/cb-kubecd/environment-pr-190-8-gke-upgrade-staging/pull/1 ref 9d3db483e079d6139d5f8ce974ab7117142265e1 Could not find a status for repository cb-kubecd/environment-pr-190-8-gke-upgrade-staging with ref 9d3db483e079d6139d5f8ce974ab7117142265e1
WARNING: Failed to query the Pull Request last commit status for https://github.com/cb-kubecd/environment-pr-190-8-gke-upgrade-staging/pull/1 ref 9d3db483e079d6139d5f8ce974ab7117142265e1 Could not find a status for repository cb-kubecd/environment-pr-190-8-gke-upgrade-staging with ref 9d3db483e079d6139d5f8ce974ab7117142265e1
WARNING: Failed to query the Pull Request last commit status for https://github.com/cb-kubecd/environment-pr-190-8-gke-upgrade-staging/pull/1 ref 9d3db483e079d6139d5f8ce974ab7117142265e1 Could not find a status for repository cb-kubecd/environment-pr-190-8-gke-upgrade-staging with ref 9d3db483e079d6139d5f8ce974ab7117142265e1
WARNING: Failed to query the Pull Request last commit status for https://github.com/cb-kubecd/environment-pr-190-8-gke-upgrade-staging/pull/1 ref 9d3db483e079d6139d5f8ce974ab7117142265e1 Could not find a status for repository cb-kubecd/environment-pr-190-8-gke-upgrade-staging with ref 9d3db483e079d6139d5f8ce974ab7117142265e1
WARNING: Failed to query the Pull Request last commit status for https://github.com/cb-kubecd/environment-pr-190-8-gke-upgrade-staging/pull/1 ref 9d3db483e079d6139d5f8ce974ab7117142265e1 Could not find a status for repository cb-kubecd/environment-pr-190-8-gke-upgrade-staging with ref 9d3db483e079d6139d5f8ce974ab7117142265e1
WARNING: Failed to query the Pull Request last commit status for https://github.com/cb-kubecd/environment-pr-190-8-gke-upgrade-staging/pull/1 ref 9d3db483e079d6139d5f8ce974ab7117142265e1 Could not find a status for repository cb-kubecd/environment-pr-190-8-gke-upgrade-staging with ref 9d3db483e079d6139d5f8ce974ab7117142265e1
WARNING: Failed to query the Pull Request last commit status for https://github.com/cb-kubecd/environment-pr-190-8-gke-upgrade-staging/pull/1 ref 9d3db483e079d6139d5f8ce974ab7117142265e1 Could not find a status for repository cb-kubecd/environment-pr-190-8-gke-upgrade-staging with ref 9d3db483e079d6139d5f8ce974ab7117142265e1
WARNING: Failed to query the Pull Request last commit status for https://github.com/cb-kubecd/environment-pr-190-8-gke-upgrade-staging/pull/1 ref 9d3db483e079d6139d5f8ce974ab7117142265e1 Could not find a status for repository cb-kubecd/environment-pr-190-8-gke-upgrade-staging with ref 9d3db483e079d6139d5f8ce974ab7117142265e1
WARNING: Failed to query the Pull Request last commit status for https://github.com/cb-kubecd/environment-pr-190-8-gke-upgrade-staging/pull/1 ref 9d3db483e079d6139d5f8ce974ab7117142265e1 Could not find a status for repository cb-kubecd/environment-pr-190-8-gke-upgrade-staging with ref 9d3db483e079d6139d5f8ce974ab7117142265e1
WARNING: Failed to query the Pull Request last commit status for https://github.com/cb-kubecd/environment-pr-190-8-gke-upgrade-staging/pull/1 ref 9d3db483e079d6139d5f8ce974ab7117142265e1 Could not find a status for repository cb-kubecd/environment-pr-190-8-gke-upgrade-staging with ref 9d3db483e079d6139d5f8ce974ab7117142265e1
WARNING: Failed to query the Pull Request last commit status for https://github.com/cb-kubecd/environment-pr-190-8-gke-upgrade-staging/pull/1 ref 9d3db483e079d6139d5f8ce974ab7117142265e1 Could not find a status for repository cb-kubecd/environment-pr-190-8-gke-upgrade-staging with ref 9d3db483e079d6139d5f8ce974ab7117142265e1
WARNING: Failed to query the Pull Request last commit status for https://github.com/cb-kubecd/environment-pr-190-8-gke-upgrade-staging/pull/1 ref 9d3db483e079d6139d5f8ce974ab7117142265e1 Could not find a status for repository cb-kubecd/environment-pr-190-8-gke-upgrade-staging with ref 9d3db483e079d6139d5f8ce974ab7117142265e1
WARNING: Failed to query the Pull Request last commit status for https://github.com/cb-kubecd/environment-pr-190-8-gke-upgrade-staging/pull/1 ref 9d3db483e079d6139d5f8ce974ab7117142265e1 Could not find a status for repository cb-kubecd/environment-pr-190-8-gke-upgrade-staging with ref 9d3db483e079d6139d5f8ce974ab7117142265e1
WARNING: Failed to query the Pull Request last commit status for https://github.com/cb-kubecd/environment-pr-190-8-gke-upgrade-staging/pull/1 ref 9d3db483e079d6139d5f8ce974ab7117142265e1 Could not find a status for repository cb-kubecd/environment-pr-190-8-gke-upgrade-staging with ref 9d3db483e079d6139d5f8ce974ab7117142265e1
WARNING: Failed to query the Pull Request last commit status for https://github.com/cb-kubecd/environment-pr-190-8-gke-upgrade-staging/pull/1 ref 9d3db483e079d6139d5f8ce974ab7117142265e1 Could not find a status for repository cb-kubecd/environment-pr-190-8-gke-upgrade-staging with ref 9d3db483e079d6139d5f8ce974ab7117142265e1
WARNING: Failed to query the Pull Request last commit status for https://github.com/cb-kubecd/environment-pr-190-8-gke-upgrade-staging/pull/1 ref 9d3db483e079d6139d5f8ce974ab7117142265e1 Could not find a status for repository cb-kubecd/environment-pr-190-8-gke-upgrade-staging with ref 9d3db483e079d6139d5f8ce974ab7117142265e1
WARNING: Failed to query the Pull Request last commit status for https://github.com/cb-kubecd/environment-pr-190-8-gke-upgrade-staging/pull/1 ref 9d3db483e079d6139d5f8ce974ab7117142265e1 Could not find a status for repository cb-kubecd/environment-pr-190-8-gke-upgrade-staging with ref 9d3db483e079d6139d5f8ce974ab7117142265e1
WARNING: Failed to query the Pull Request last commit status for https://github.com/cb-kubecd/environment-pr-190-8-gke-upgrade-staging/pull/1 ref 9d3db483e079d6139d5f8ce974ab7117142265e1 Could not find a status for repository cb-kubecd/environment-pr-190-8-gke-upgrade-staging with ref 9d3db483e079d6139d5f8ce974ab7117142265e1
WARNING: Failed to query the Pull Request last commit status for https://github.com/cb-kubecd/environment-pr-190-8-gke-upgrade-staging/pull/1 ref 9d3db483e079d6139d5f8ce974ab7117142265e1 Could not find a status for repository cb-kubecd/environment-pr-190-8-gke-upgrade-staging with ref 9d3db483e079d6139d5f8ce974ab7117142265e1
WARNING: Failed to query the Pull Request last commit status for https://github.com/cb-kubecd/environment-pr-190-8-gke-upgrade-staging/pull/1 ref 9d3db483e079d6139d5f8ce974ab7117142265e1 Could not find a status for repository cb-kubecd/environment-pr-190-8-gke-upgrade-staging with ref 9d3db483e079d6139d5f8ce974ab7117142265e1
WARNING: Failed to query the Pull Request last commit status for https://github.com/cb-kubecd/environment-pr-190-8-gke-upgrade-staging/pull/1 ref 9d3db483e079d6139d5f8ce974ab7117142265e1 Could not find a status for repository cb-kubecd/environment-pr-190-8-gke-upgrade-staging with ref 9d3db483e079d6139d5f8ce974ab7117142265e1
WARNING: Failed to query the Pull Request last commit status for https://github.com/cb-kubecd/environment-pr-190-8-gke-upgrade-staging/pull/1 ref 9d3db483e079d6139d5f8ce974ab7117142265e1 Could not find a status for repository cb-kubecd/environment-pr-190-8-gke-upgrade-staging with ref 9d3db483e079d6139d5f8ce974ab7117142265e1
WARNING: Failed to query the Pull Request last commit status for https://github.com/cb-kubecd/environment-pr-190-8-gke-upgrade-staging/pull/1 ref 9d3db483e079d6139d5f8ce974ab7117142265e1 Could not find a status for repository cb-kubecd/environment-pr-190-8-gke-upgrade-staging with ref 9d3db483e079d6139d5f8ce974ab7117142265e1
WARNING: Failed to query the Pull Request last commit status for https://github.com/cb-kubecd/environment-pr-190-8-gke-upgrade-staging/pull/1 ref 9d3db483e079d6139d5f8ce974ab7117142265e1 Could not find a status for repository cb-kubecd/environment-pr-190-8-gke-upgrade-staging with ref 9d3db483e079d6139d5f8ce974ab7117142265e1
WARNING: Failed to query the Pull Request last commit status for https://github.com/cb-kubecd/environment-pr-190-8-gke-upgrade-staging/pull/1 ref 9d3db483e079d6139d5f8ce974ab7117142265e1 Could not find a status for repository cb-kubecd/environment-pr-190-8-gke-upgrade-staging with ref 9d3db483e079d6139d5f8ce974ab7117142265e1
WARNING: Failed to query the Pull Request last commit status for https://github.com/cb-kubecd/environment-pr-190-8-gke-upgrade-staging/pull/1 ref 9d3db483e079d6139d5f8ce974ab7117142265e1 Could not find a status for repository cb-kubecd/environment-pr-190-8-gke-upgrade-staging with ref 9d3db483e079d6139d5f8ce974ab7117142265e1
WARNING: Failed to query the Pull Request last commit status for https://github.com/cb-kubecd/environment-pr-190-8-gke-upgrade-staging/pull/1 ref 9d3db483e079d6139d5f8ce974ab7117142265e1 Could not find a status for repository cb-kubecd/environment-pr-190-8-gke-upgrade-staging with ref 9d3db483e079d6139d5f8ce974ab7117142265e1
WARNING: Failed to query the Pull Request last commit status for https://github.com/cb-kubecd/environment-pr-190-8-gke-upgrade-staging/pull/1 ref 9d3db483e079d6139d5f8ce974ab7117142265e1 Could not find a status for repository cb-kubecd/environment-pr-190-8-gke-upgrade-staging with ref 9d3db483e079d6139d5f8ce974ab7117142265e1
WARNING: Failed to query the Pull Request last commit status for https://github.com/cb-kubecd/environment-pr-190-8-gke-upgrade-staging/pull/1 ref 9d3db483e079d6139d5f8ce974ab7117142265e1 Could not find a status for repository cb-kubecd/environment-pr-190-8-gke-upgrade-staging with ref 9d3db483e079d6139d5f8ce974ab7117142265e1
WARNING: Failed to query the Pull Request last commit status for https://github.com/cb-kubecd/environment-pr-190-8-gke-upgrade-staging/pull/1 ref 9d3db483e079d6139d5f8ce974ab7117142265e1 Could not find a status for repository cb-kubecd/environment-pr-190-8-gke-upgrade-staging with ref 9d3db483e079d6139d5f8ce974ab7117142265e1
WARNING: Failed to query the Pull Request last commit status for https://github.com/cb-kubecd/environment-pr-190-8-gke-upgrade-staging/pull/1 ref 9d3db483e079d6139d5f8ce974ab7117142265e1 Could not find a status for repository cb-kubecd/environment-pr-190-8-gke-upgrade-staging with ref 9d3db483e079d6139d5f8ce974ab7117142265e1
WARNING: Failed to query the Pull Request last commit status for https://github.com/cb-kubecd/environment-pr-190-8-gke-upgrade-staging/pull/1 ref 9d3db483e079d6139d5f8ce974ab7117142265e1 Could not find a status for repository cb-kubecd/environment-pr-190-8-gke-upgrade-staging with ref 9d3db483e079d6139d5f8ce974ab7117142265e1
WARNING: Failed to query the Pull Request last commit status for https://github.com/cb-kubecd/environment-pr-190-8-gke-upgrade-staging/pull/1 ref 9d3db483e079d6139d5f8ce974ab7117142265e1 Could not find a status for repository cb-kubecd/environment-pr-190-8-gke-upgrade-staging with ref 9d3db483e079d6139d5f8ce974ab7117142265e1
WARNING: Failed to query the Pull Request last commit status for https://github.com/cb-kubecd/environment-pr-190-8-gke-upgrade-staging/pull/1 ref 9d3db483e079d6139d5f8ce974ab7117142265e1 Could not find a status for repository cb-kubecd/environment-pr-190-8-gke-upgrade-staging with ref 9d3db483e079d6139d5f8ce974ab7117142265e1
WARNING: Failed to query the Pull Request last commit status for https://github.com/cb-kubecd/environment-pr-190-8-gke-upgrade-staging/pull/1 ref 9d3db483e079d6139d5f8ce974ab7117142265e1 Could not find a status for repository cb-kubecd/environment-pr-190-8-gke-upgrade-staging with ref 9d3db483e079d6139d5f8ce974ab7117142265e1
WARNING: Failed to query the Pull Request last commit status for https://github.com/cb-kubecd/environment-pr-190-8-gke-upgrade-staging/pull/1 ref 9d3db483e079d6139d5f8ce974ab7117142265e1 Could not find a status for repository cb-kubecd/environment-pr-190-8-gke-upgrade-staging with ref 9d3db483e079d6139d5f8ce974ab7117142265e1
WARNING: Failed to query the Pull Request last commit status for https://github.com/cb-kubecd/environment-pr-190-8-gke-upgrade-staging/pull/1 ref 9d3db483e079d6139d5f8ce974ab7117142265e1 Could not find a status for repository cb-kubecd/environment-pr-190-8-gke-upgrade-staging with ref 9d3db483e079d6139d5f8ce974ab7117142265e1
WARNING: Failed to query the Pull Request last commit status for https://github.com/cb-kubecd/environment-pr-190-8-gke-upgrade-staging/pull/1 ref 9d3db483e079d6139d5f8ce974ab7117142265e1 Could not find a status for repository cb-kubecd/environment-pr-190-8-gke-upgrade-staging with ref 9d3db483e079d6139d5f8ce974ab7117142265e1
WARNING: Failed to query the Pull Request last commit status for https://github.com/cb-kubecd/environment-pr-190-8-gke-upgrade-staging/pull/1 ref 9d3db483e079d6139d5f8ce974ab7117142265e1 Could not find a status for repository cb-kubecd/environment-pr-190-8-gke-upgrade-staging with ref 9d3db483e079d6139d5f8ce974ab7117142265e1
WARNING: Failed to query the Pull Request last commit status for https://github.com/cb-kubecd/environment-pr-190-8-gke-upgrade-staging/pull/1 ref 9d3db483e079d6139d5f8ce974ab7117142265e1 Could not find a status for repository cb-kubecd/environment-pr-190-8-gke-upgrade-staging with ref 9d3db483e079d6139d5f8ce974ab7117142265e1
WARNING: Failed to query the Pull Request last commit status for https://github.com/cb-kubecd/environment-pr-190-8-gke-upgrade-staging/pull/1 ref 9d3db483e079d6139d5f8ce974ab7117142265e1 Could not find a status for repository cb-kubecd/environment-pr-190-8-gke-upgrade-staging with ref 9d3db483e079d6139d5f8ce974ab7117142265e1
WARNING: Failed to query the Pull Request last commit status for https://github.com/cb-kubecd/environment-pr-190-8-gke-upgrade-staging/pull/1 ref 9d3db483e079d6139d5f8ce974ab7117142265e1 Could not find a status for repository cb-kubecd/environment-pr-190-8-gke-upgrade-staging with ref 9d3db483e079d6139d5f8ce974ab7117142265e1
WARNING: Failed to query the Pull Request last commit status for https://github.com/cb-kubecd/environment-pr-190-8-gke-upgrade-staging/pull/1 ref 9d3db483e079d6139d5f8ce974ab7117142265e1 Could not find a status for repository cb-kubecd/environment-pr-190-8-gke-upgrade-staging with ref 9d3db483e079d6139d5f8ce974ab7117142265e1
WARNING: Failed to query the Pull Request last commit status for https://github.com/cb-kubecd/environment-pr-190-8-gke-upgrade-staging/pull/1 ref 9d3db483e079d6139d5f8ce974ab7117142265e1 Could not find a status for repository cb-kubecd/environment-pr-190-8-gke-upgrade-staging with ref 9d3db483e079d6139d5f8ce974ab7117142265e1
WARNING: Failed to query the Pull Request last commit status for https://github.com/cb-kubecd/environment-pr-190-8-gke-upgrade-staging/pull/1 ref 9d3db483e079d6139d5f8ce974ab7117142265e1 Could not find a status for repository cb-kubecd/environment-pr-190-8-gke-upgrade-staging with ref 9d3db483e079d6139d5f8ce974ab7117142265e1
WARNING: Failed to query the Pull Request last commit status for https://github.com/cb-kubecd/environment-pr-190-8-gke-upgrade-staging/pull/1 ref 9d3db483e079d6139d5f8ce974ab7117142265e1 Could not find a status for repository cb-kubecd/environment-pr-190-8-gke-upgrade-staging with ref 9d3db483e079d6139d5f8ce974ab7117142265e1
WARNING: Failed to query the Pull Request last commit status for https://github.com/cb-kubecd/environment-pr-190-8-gke-upgrade-staging/pull/1 ref 9d3db483e079d6139d5f8ce974ab7117142265e1 Could not find a status for repository cb-kubecd/environment-pr-190-8-gke-upgrade-staging with ref 9d3db483e079d6139d5f8ce974ab7117142265e1
WARNING: Failed to query the Pull Request last commit status for https://github.com/cb-kubecd/environment-pr-190-8-gke-upgrade-staging/pull/1 ref 9d3db483e079d6139d5f8ce974ab7117142265e1 Could not find a status for repository cb-kubecd/environment-pr-190-8-gke-upgrade-staging with ref 9d3db483e079d6139d5f8ce974ab7117142265e1
WARNING: Failed to query the Pull Request last commit status for https://github.com/cb-kubecd/environment-pr-190-8-gke-upgrade-staging/pull/1 ref 9d3db483e079d6139d5f8ce974ab7117142265e1 Could not find a status for repository cb-kubecd/environment-pr-190-8-gke-upgrade-staging with ref 9d3db483e079d6139d5f8ce974ab7117142265e1
WARNING: Failed to query the Pull Request last commit status for https://github.com/cb-kubecd/environment-pr-190-8-gke-upgrade-staging/pull/1 ref 9d3db483e079d6139d5f8ce974ab7117142265e1 Could not find a status for repository cb-kubecd/environment-pr-190-8-gke-upgrade-staging with ref 9d3db483e079d6139d5f8ce974ab7117142265e1
WARNING: Failed to query the Pull Request last commit status for https://github.com/cb-kubecd/environment-pr-190-8-gke-upgrade-staging/pull/1 ref 9d3db483e079d6139d5f8ce974ab7117142265e1 Could not find a status for repository cb-kubecd/environment-pr-190-8-gke-upgrade-staging with ref 9d3db483e079d6139d5f8ce974ab7117142265e1
WARNING: Failed to query the Pull Request last commit status for https://github.com/cb-kubecd/environment-pr-190-8-gke-upgrade-staging/pull/1 ref 9d3db483e079d6139d5f8ce974ab7117142265e1 Could not find a status for repository cb-kubecd/environment-pr-190-8-gke-upgrade-staging with ref 9d3db483e079d6139d5f8ce974ab7117142265e1
WARNING: Failed to query the Pull Request last commit status for https://github.com/cb-kubecd/environment-pr-190-8-gke-upgrade-staging/pull/1 ref 9d3db483e079d6139d5f8ce974ab7117142265e1 Could not find a status for repository cb-kubecd/environment-pr-190-8-gke-upgrade-staging with ref 9d3db483e079d6139d5f8ce974ab7117142265e1
WARNING: Failed to query the Pull Request last commit status for https://github.com/cb-kubecd/environment-pr-190-8-gke-upgrade-staging/pull/1 ref 9d3db483e079d6139d5f8ce974ab7117142265e1 Could not find a status for repository cb-kubecd/environment-pr-190-8-gke-upgrade-staging with ref 9d3db483e079d6139d5f8ce974ab7117142265e1
WARNING: Failed to query the Pull Request last commit status for https://github.com/cb-kubecd/environment-pr-190-8-gke-upgrade-staging/pull/1 ref 9d3db483e079d6139d5f8ce974ab7117142265e1 Could not find a status for repository cb-kubecd/environment-pr-190-8-gke-upgrade-staging with ref 9d3db483e079d6139d5f8ce974ab7117142265e1
WARNING: Failed to query the Pull Request last commit status for https://github.com/cb-kubecd/environment-pr-190-8-gke-upgrade-staging/pull/1 ref 9d3db483e079d6139d5f8ce974ab7117142265e1 Could not find a status for repository cb-kubecd/environment-pr-190-8-gke-upgrade-staging with ref 9d3db483e079d6139d5f8ce974ab7117142265e1
WARNING: Failed to query the Pull Request last commit status for https://github.com/cb-kubecd/environment-pr-190-8-gke-upgrade-staging/pull/1 ref 9d3db483e079d6139d5f8ce974ab7117142265e1 Could not find a status for repository cb-kubecd/environment-pr-190-8-gke-upgrade-staging with ref 9d3db483e079d6139d5f8ce974ab7117142265e1
WARNING: Failed to query the Pull Request last commit status for https://github.com/cb-kubecd/environment-pr-190-8-gke-upgrade-staging/pull/1 ref 9d3db483e079d6139d5f8ce974ab7117142265e1 Could not find a status for repository cb-kubecd/environment-pr-190-8-gke-upgrade-staging with ref 9d3db483e079d6139d5f8ce974ab7117142265e1
WARNING: Failed to query the Pull Request last commit status for https://github.com/cb-kubecd/environment-pr-190-8-gke-upgrade-staging/pull/1 ref 9d3db483e079d6139d5f8ce974ab7117142265e1 Could not find a status for repository cb-kubecd/environment-pr-190-8-gke-upgrade-staging with ref 9d3db483e079d6139d5f8ce974ab7117142265e1
WARNING: Failed to query the Pull Request last commit status for https://github.com/cb-kubecd/environment-pr-190-8-gke-upgrade-staging/pull/1 ref 9d3db483e079d6139d5f8ce974ab7117142265e1 Could not find a status for repository cb-kubecd/environment-pr-190-8-gke-upgrade-staging with ref 9d3db483e079d6139d5f8ce974ab7117142265e1
WARNING: Failed to query the Pull Request last commit status for https://github.com/cb-kubecd/environment-pr-190-8-gke-upgrade-staging/pull/1 ref 9d3db483e079d6139d5f8ce974ab7117142265e1 Could not find a status for repository cb-kubecd/environment-pr-190-8-gke-upgrade-staging with ref 9d3db483e079d6139d5f8ce974ab7117142265e1
WARNING: Failed to query the Pull Request last commit status for https://github.com/cb-kubecd/environment-pr-190-8-gke-upgrade-staging/pull/1 ref 9d3db483e079d6139d5f8ce974ab7117142265e1 Could not find a status for repository cb-kubecd/environment-pr-190-8-gke-upgrade-staging with ref 9d3db483e079d6139d5f8ce974ab7117142265e1
WARNING: Failed to query the Pull Request last commit status for https://github.com/cb-kubecd/environment-pr-190-8-gke-upgrade-staging/pull/1 ref 9d3db483e079d6139d5f8ce974ab7117142265e1 Could not find a status for repository cb-kubecd/environment-pr-190-8-gke-upgrade-staging with ref 9d3db483e079d6139d5f8ce974ab7117142265e1
WARNING: Failed to query the Pull Request last commit status for https://github.com/cb-kubecd/environment-pr-190-8-gke-upgrade-staging/pull/1 ref 9d3db483e079d6139d5f8ce974ab7117142265e1 Could not find a status for repository cb-kubecd/environment-pr-190-8-gke-upgrade-staging with ref 9d3db483e079d6139d5f8ce974ab7117142265e1
WARNING: Failed to query the Pull Request last commit status for https://github.com/cb-kubecd/environment-pr-190-8-gke-upgrade-staging/pull/1 ref 9d3db483e079d6139d5f8ce974ab7117142265e1 Could not find a status for repository cb-kubecd/environment-pr-190-8-gke-upgrade-staging with ref 9d3db483e079d6139d5f8ce974ab7117142265e1
WARNING: Failed to query the Pull Request last commit status for https://github.com/cb-kubecd/environment-pr-190-8-gke-upgrade-staging/pull/1 ref 9d3db483e079d6139d5f8ce974ab7117142265e1 Could not find a status for repository cb-kubecd/environment-pr-190-8-gke-upgrade-staging with ref 9d3db483e079d6139d5f8ce974ab7117142265e1
WARNING: Failed to query the Pull Request last commit status for https://github.com/cb-kubecd/environment-pr-190-8-gke-upgrade-staging/pull/1 ref 9d3db483e079d6139d5f8ce974ab7117142265e1 Could not find a status for repository cb-kubecd/environment-pr-190-8-gke-upgrade-staging with ref 9d3db483e079d6139d5f8ce974ab7117142265e1
WARNING: Failed to query the Pull Request last commit status for https://github.com/cb-kubecd/environment-pr-190-8-gke-upgrade-staging/pull/1 ref 9d3db483e079d6139d5f8ce974ab7117142265e1 Could not find a status for repository cb-kubecd/environment-pr-190-8-gke-upgrade-staging with ref 9d3db483e079d6139d5f8ce974ab7117142265e1
WARNING: Failed to query the Pull Request last commit status for https://github.com/cb-kubecd/environment-pr-190-8-gke-upgrade-staging/pull/1 ref 9d3db483e079d6139d5f8ce974ab7117142265e1 Could not find a status for repository cb-kubecd/environment-pr-190-8-gke-upgrade-staging with ref 9d3db483e079d6139d5f8ce974ab7117142265e1
WARNING: Failed to query the Pull Request last commit status for https://github.com/cb-kubecd/environment-pr-190-8-gke-upgrade-staging/pull/1 ref 9d3db483e079d6139d5f8ce974ab7117142265e1 Could not find a status for repository cb-kubecd/environment-pr-190-8-gke-upgrade-staging with ref 9d3db483e079d6139d5f8ce974ab7117142265e1
WARNING: Failed to query the Pull Request last commit status for https://github.com/cb-kubecd/environment-pr-190-8-gke-upgrade-staging/pull/1 ref 9d3db483e079d6139d5f8ce974ab7117142265e1 Could not find a status for repository cb-kubecd/environment-pr-190-8-gke-upgrade-staging with ref 9d3db483e079d6139d5f8ce974ab7117142265e1
WARNING: Failed to query the Pull Request last commit status for https://github.com/cb-kubecd/environment-pr-190-8-gke-upgrade-staging/pull/1 ref 9d3db483e079d6139d5f8ce974ab7117142265e1 Could not find a status for repository cb-kubecd/environment-pr-190-8-gke-upgrade-staging with ref 9d3db483e079d6139d5f8ce974ab7117142265e1
WARNING: Failed to query the Pull Request last commit status for https://github.com/cb-kubecd/environment-pr-190-8-gke-upgrade-staging/pull/1 ref 9d3db483e079d6139d5f8ce974ab7117142265e1 Could not find a status for repository cb-kubecd/environment-pr-190-8-gke-upgrade-staging with ref 9d3db483e079d6139d5f8ce974ab7117142265e1
WARNING: Failed to query the Pull Request last commit status for https://github.com/cb-kubecd/environment-pr-190-8-gke-upgrade-staging/pull/1 ref 9d3db483e079d6139d5f8ce974ab7117142265e1 Could not find a status for repository cb-kubecd/environment-pr-190-8-gke-upgrade-staging with ref 9d3db483e079d6139d5f8ce974ab7117142265e1
WARNING: Failed to query the Pull Request last commit status for https://github.com/cb-kubecd/environment-pr-190-8-gke-upgrade-staging/pull/1 ref 9d3db483e079d6139d5f8ce974ab7117142265e1 Could not find a status for repository cb-kubecd/environment-pr-190-8-gke-upgrade-staging with ref 9d3db483e079d6139d5f8ce974ab7117142265e1
WARNING: Failed to query the Pull Request last commit status for https://github.com/cb-kubecd/environment-pr-190-8-gke-upgrade-staging/pull/1 ref 9d3db483e079d6139d5f8ce974ab7117142265e1 Could not find a status for repository cb-kubecd/environment-pr-190-8-gke-upgrade-staging with ref 9d3db483e079d6139d5f8ce974ab7117142265e1
WARNING: Failed to query the Pull Request last commit status for https://github.com/cb-kubecd/environment-pr-190-8-gke-upgrade-staging/pull/1 ref 9d3db483e079d6139d5f8ce974ab7117142265e1 Could not find a status for repository cb-kubecd/environment-pr-190-8-gke-upgrade-staging with ref 9d3db483e079d6139d5f8ce974ab7117142265e1
WARNING: Failed to query the Pull Request last commit status for https://github.com/cb-kubecd/environment-pr-190-8-gke-upgrade-staging/pull/1 ref 9d3db483e079d6139d5f8ce974ab7117142265e1 Could not find a status for repository cb-kubecd/environment-pr-190-8-gke-upgrade-staging with ref 9d3db483e079d6139d5f8ce974ab7117142265e1
WARNING: Failed to query the Pull Request last commit status for https://github.com/cb-kubecd/environment-pr-190-8-gke-upgrade-staging/pull/1 ref 9d3db483e079d6139d5f8ce974ab7117142265e1 Could not find a status for repository cb-kubecd/environment-pr-190-8-gke-upgrade-staging with ref 9d3db483e079d6139d5f8ce974ab7117142265e1
WARNING: Failed to query the Pull Request last commit status for https://github.com/cb-kubecd/environment-pr-190-8-gke-upgrade-staging/pull/1 ref 9d3db483e079d6139d5f8ce974ab7117142265e1 Could not find a status for repository cb-kubecd/environment-pr-190-8-gke-upgrade-staging with ref 9d3db483e079d6139d5f8ce974ab7117142265e1
WARNING: Failed to query the Pull Request last commit status for https://github.com/cb-kubecd/environment-pr-190-8-gke-upgrade-staging/pull/1 ref 9d3db483e079d6139d5f8ce974ab7117142265e1 Could not find a status for repository cb-kubecd/environment-pr-190-8-gke-upgrade-staging with ref 9d3db483e079d6139d5f8ce974ab7117142265e1
WARNING: Failed to query the Pull Request last commit status for https://github.com/cb-kubecd/environment-pr-190-8-gke-upgrade-staging/pull/1 ref 9d3db483e079d6139d5f8ce974ab7117142265e1 Could not find a status for repository cb-kubecd/environment-pr-190-8-gke-upgrade-staging with ref 9d3db483e079d6139d5f8ce974ab7117142265e1
WARNING: Failed to query the Pull Request last commit status for https://github.com/cb-kubecd/environment-pr-190-8-gke-upgrade-staging/pull/1 ref 9d3db483e079d6139d5f8ce974ab7117142265e1 Could not find a status for repository cb-kubecd/environment-pr-190-8-gke-upgrade-staging with ref 9d3db483e079d6139d5f8ce974ab7117142265e1
WARNING: Failed to query the Pull Request last commit status for https://github.com/cb-kubecd/environment-pr-190-8-gke-upgrade-staging/pull/1 ref 9d3db483e079d6139d5f8ce974ab7117142265e1 Could not find a status for repository cb-kubecd/environment-pr-190-8-gke-upgrade-staging with ref 9d3db483e079d6139d5f8ce974ab7117142265e1
WARNING: Failed to query the Pull Request last commit status for https://github.com/cb-kubecd/environment-pr-190-8-gke-upgrade-staging/pull/1 ref 9d3db483e079d6139d5f8ce974ab7117142265e1 Could not find a status for repository cb-kubecd/environment-pr-190-8-gke-upgrade-staging with ref 9d3db483e079d6139d5f8ce974ab7117142265e1
WARNING: Failed to query the Pull Request last commit status for https://github.com/cb-kubecd/environment-pr-190-8-gke-upgrade-staging/pull/1 ref 9d3db483e079d6139d5f8ce974ab7117142265e1 Could not find a status for repository cb-kubecd/environment-pr-190-8-gke-upgrade-staging with ref 9d3db483e079d6139d5f8ce974ab7117142265e1
WARNING: Failed to query the Pull Request last commit status for https://github.com/cb-kubecd/environment-pr-190-8-gke-upgrade-staging/pull/1 ref 9d3db483e079d6139d5f8ce974ab7117142265e1 Could not find a status for repository cb-kubecd/environment-pr-190-8-gke-upgrade-staging with ref 9d3db483e079d6139d5f8ce974ab7117142265e1
WARNING: Failed to query the Pull Request last commit status for https://github.com/cb-kubecd/environment-pr-190-8-gke-upgrade-staging/pull/1 ref 9d3db483e079d6139d5f8ce974ab7117142265e1 Could not find a status for repository cb-kubecd/environment-pr-190-8-gke-upgrade-staging with ref 9d3db483e079d6139d5f8ce974ab7117142265e1
WARNING: Failed to query the Pull Request last commit status for https://github.com/cb-kubecd/environment-pr-190-8-gke-upgrade-staging/pull/1 ref 9d3db483e079d6139d5f8ce974ab7117142265e1 Could not find a status for repository cb-kubecd/environment-pr-190-8-gke-upgrade-staging with ref 9d3db483e079d6139d5f8ce974ab7117142265e1
WARNING: Failed to query the Pull Request last commit status for https://github.com/cb-kubecd/environment-pr-190-8-gke-upgrade-staging/pull/1 ref 9d3db483e079d6139d5f8ce974ab7117142265e1 Could not find a status for repository cb-kubecd/environment-pr-190-8-gke-upgrade-staging with ref 9d3db483e079d6139d5f8ce974ab7117142265e1
WARNING: Failed to query the Pull Request last commit status for https://github.com/cb-kubecd/environment-pr-190-8-gke-upgrade-staging/pull/1 ref 9d3db483e079d6139d5f8ce974ab7117142265e1 Could not find a status for repository cb-kubecd/environment-pr-190-8-gke-upgrade-staging with ref 9d3db483e079d6139d5f8ce974ab7117142265e1
WARNING: Failed to query the Pull Request last commit status for https://github.com/cb-kubecd/environment-pr-190-8-gke-upgrade-staging/pull/1 ref 9d3db483e079d6139d5f8ce974ab7117142265e1 Could not find a status for repository cb-kubecd/environment-pr-190-8-gke-upgrade-staging with ref 9d3db483e079d6139d5f8ce974ab7117142265e1
WARNING: Failed to query the Pull Request last commit status for https://github.com/cb-kubecd/environment-pr-190-8-gke-upgrade-staging/pull/1 ref 9d3db483e079d6139d5f8ce974ab7117142265e1 Could not find a status for repository cb-kubecd/environment-pr-190-8-gke-upgrade-staging with ref 9d3db483e079d6139d5f8ce974ab7117142265e1
WARNING: Failed to query the Pull Request last commit status for https://github.com/cb-kubecd/environment-pr-190-8-gke-upgrade-staging/pull/1 ref 9d3db483e079d6139d5f8ce974ab7117142265e1 Could not find a status for repository cb-kubecd/environment-pr-190-8-gke-upgrade-staging with ref 9d3db483e079d6139d5f8ce974ab7117142265e1
WARNING: Failed to query the Pull Request last commit status for https://github.com/cb-kubecd/environment-pr-190-8-gke-upgrade-staging/pull/1 ref 9d3db483e079d6139d5f8ce974ab7117142265e1 Could not find a status for repository cb-kubecd/environment-pr-190-8-gke-upgrade-staging with ref 9d3db483e079d6139d5f8ce974ab7117142265e1
WARNING: Failed to query the Pull Request last commit status for https://github.com/cb-kubecd/environment-pr-190-8-gke-upgrade-staging/pull/1 ref 9d3db483e079d6139d5f8ce974ab7117142265e1 Could not find a status for repository cb-kubecd/environment-pr-190-8-gke-upgrade-staging with ref 9d3db483e079d6139d5f8ce974ab7117142265e1
WARNING: Failed to query the Pull Request last commit status for https://github.com/cb-kubecd/environment-pr-190-8-gke-upgrade-staging/pull/1 ref 9d3db483e079d6139d5f8ce974ab7117142265e1 Could not find a status for repository cb-kubecd/environment-pr-190-8-gke-upgrade-staging with ref 9d3db483e079d6139d5f8ce974ab7117142265e1
WARNING: Failed to query the Pull Request last commit status for https://github.com/cb-kubecd/environment-pr-190-8-gke-upgrade-staging/pull/1 ref 9d3db483e079d6139d5f8ce974ab7117142265e1 Could not find a status for repository cb-kubecd/environment-pr-190-8-gke-upgrade-staging with ref 9d3db483e079d6139d5f8ce974ab7117142265e1
WARNING: Failed to query the Pull Request last commit status for https://github.com/cb-kubecd/environment-pr-190-8-gke-upgrade-staging/pull/1 ref 9d3db483e079d6139d5f8ce974ab7117142265e1 Could not find a status for repository cb-kubecd/environment-pr-190-8-gke-upgrade-staging with ref 9d3db483e079d6139d5f8ce974ab7117142265e1
WARNING: Failed to query the Pull Request last commit status for https://github.com/cb-kubecd/environment-pr-190-8-gke-upgrade-staging/pull/1 ref 9d3db483e079d6139d5f8ce974ab7117142265e1 Could not find a status for repository cb-kubecd/environment-pr-190-8-gke-upgrade-staging with ref 9d3db483e079d6139d5f8ce974ab7117142265e1
WARNING: Failed to query the Pull Request last commit status for https://github.com/cb-kubecd/environment-pr-190-8-gke-upgrade-staging/pull/1 ref 9d3db483e079d6139d5f8ce974ab7117142265e1 Could not find a status for repository cb-kubecd/environment-pr-190-8-gke-upgrade-staging with ref 9d3db483e079d6139d5f8ce974ab7117142265e1
WARNING: Failed to query the Pull Request last commit status for https://github.com/cb-kubecd/environment-pr-190-8-gke-upgrade-staging/pull/1 ref 9d3db483e079d6139d5f8ce974ab7117142265e1 Could not find a status for repository cb-kubecd/environment-pr-190-8-gke-upgrade-staging with ref 9d3db483e079d6139d5f8ce974ab7117142265e1
WARNING: Failed to query the Pull Request last commit status for https://github.com/cb-kubecd/environment-pr-190-8-gke-upgrade-staging/pull/1 ref 9d3db483e079d6139d5f8ce974ab7117142265e1 Could not find a status for repository cb-kubecd/environment-pr-190-8-gke-upgrade-staging with ref 9d3db483e079d6139d5f8ce974ab7117142265e1
WARNING: Failed to query the Pull Request last commit status for https://github.com/cb-kubecd/environment-pr-190-8-gke-upgrade-staging/pull/1 ref 9d3db483e079d6139d5f8ce974ab7117142265e1 Could not find a status for repository cb-kubecd/environment-pr-190-8-gke-upgrade-staging with ref 9d3db483e079d6139d5f8ce974ab7117142265e1
WARNING: Failed to query the Pull Request last commit status for https://github.com/cb-kubecd/environment-pr-190-8-gke-upgrade-staging/pull/1 ref 9d3db483e079d6139d5f8ce974ab7117142265e1 Could not find a status for repository cb-kubecd/environment-pr-190-8-gke-upgrade-staging with ref 9d3db483e079d6139d5f8ce974ab7117142265e1
WARNING: Failed to query the Pull Request last commit status for https://github.com/cb-kubecd/environment-pr-190-8-gke-upgrade-staging/pull/1 ref 9d3db483e079d6139d5f8ce974ab7117142265e1 Could not find a status for repository cb-kubecd/environment-pr-190-8-gke-upgrade-staging with ref 9d3db483e079d6139d5f8ce974ab7117142265e1
WARNING: Failed to query the Pull Request last commit status for https://github.com/cb-kubecd/environment-pr-190-8-gke-upgrade-staging/pull/1 ref 9d3db483e079d6139d5f8ce974ab7117142265e1 Could not find a status for repository cb-kubecd/environment-pr-190-8-gke-upgrade-staging with ref 9d3db483e079d6139d5f8ce974ab7117142265e1
WARNING: Failed to query the Pull Request last commit status for https://github.com/cb-kubecd/environment-pr-190-8-gke-upgrade-staging/pull/1 ref 9d3db483e079d6139d5f8ce974ab7117142265e1 Could not find a status for repository cb-kubecd/environment-pr-190-8-gke-upgrade-staging with ref 9d3db483e079d6139d5f8ce974ab7117142265e1
WARNING: Failed to query the Pull Request last commit status for https://github.com/cb-kubecd/environment-pr-190-8-gke-upgrade-staging/pull/1 ref 9d3db483e079d6139d5f8ce974ab7117142265e1 Could not find a status for repository cb-kubecd/environment-pr-190-8-gke-upgrade-staging with ref 9d3db483e079d6139d5f8ce974ab7117142265e1
WARNING: Failed to query the Pull Request last commit status for https://github.com/cb-kubecd/environment-pr-190-8-gke-upgrade-staging/pull/1 ref 9d3db483e079d6139d5f8ce974ab7117142265e1 Could not find a status for repository cb-kubecd/environment-pr-190-8-gke-upgrade-staging with ref 9d3db483e079d6139d5f8ce974ab7117142265e1
WARNING: Failed to query the Pull Request last commit status for https://github.com/cb-kubecd/environment-pr-190-8-gke-upgrade-staging/pull/1 ref 9d3db483e079d6139d5f8ce974ab7117142265e1 Could not find a status for repository cb-kubecd/environment-pr-190-8-gke-upgrade-staging with ref 9d3db483e079d6139d5f8ce974ab7117142265e1
WARNING: Failed to query the Pull Request last commit status for https://github.com/cb-kubecd/environment-pr-190-8-gke-upgrade-staging/pull/1 ref 9d3db483e079d6139d5f8ce974ab7117142265e1 Could not find a status for repository cb-kubecd/environment-pr-190-8-gke-upgrade-staging with ref 9d3db483e079d6139d5f8ce974ab7117142265e1
WARNING: Failed to query the Pull Request last commit status for https://github.com/cb-kubecd/environment-pr-190-8-gke-upgrade-staging/pull/1 ref 9d3db483e079d6139d5f8ce974ab7117142265e1 Could not find a status for repository cb-kubecd/environment-pr-190-8-gke-upgrade-staging with ref 9d3db483e079d6139d5f8ce974ab7117142265e1
WARNING: Failed to query the Pull Request last commit status for https://github.com/cb-kubecd/environment-pr-190-8-gke-upgrade-staging/pull/1 ref 9d3db483e079d6139d5f8ce974ab7117142265e1 Could not find a status for repository cb-kubecd/environment-pr-190-8-gke-upgrade-staging with ref 9d3db483e079d6139d5f8ce974ab7117142265e1
WARNING: Failed to query the Pull Request last commit status for https://github.com/cb-kubecd/environment-pr-190-8-gke-upgrade-staging/pull/1 ref 9d3db483e079d6139d5f8ce974ab7117142265e1 Could not find a status for repository cb-kubecd/environment-pr-190-8-gke-upgrade-staging with ref 9d3db483e079d6139d5f8ce974ab7117142265e1
WARNING: Failed to query the Pull Request last commit status for https://github.com/cb-kubecd/environment-pr-190-8-gke-upgrade-staging/pull/1 ref 9d3db483e079d6139d5f8ce974ab7117142265e1 Could not find a status for repository cb-kubecd/environment-pr-190-8-gke-upgrade-staging with ref 9d3db483e079d6139d5f8ce974ab7117142265e1
WARNING: Failed to query the Pull Request last commit status for https://github.com/cb-kubecd/environment-pr-190-8-gke-upgrade-staging/pull/1 ref 9d3db483e079d6139d5f8ce974ab7117142265e1 Could not find a status for repository cb-kubecd/environment-pr-190-8-gke-upgrade-staging with ref 9d3db483e079d6139d5f8ce974ab7117142265e1
WARNING: Failed to query the Pull Request last commit status for https://github.com/cb-kubecd/environment-pr-190-8-gke-upgrade-staging/pull/1 ref 9d3db483e079d6139d5f8ce974ab7117142265e1 Could not find a status for repository cb-kubecd/environment-pr-190-8-gke-upgrade-staging with ref 9d3db483e079d6139d5f8ce974ab7117142265e1
WARNING: Failed to query the Pull Request last commit status for https://github.com/cb-kubecd/environment-pr-190-8-gke-upgrade-staging/pull/1 ref 9d3db483e079d6139d5f8ce974ab7117142265e1 Could not find a status for repository cb-kubecd/environment-pr-190-8-gke-upgrade-staging with ref 9d3db483e079d6139d5f8ce974ab7117142265e1
WARNING: Failed to query the Pull Request last commit status for https://github.com/cb-kubecd/environment-pr-190-8-gke-upgrade-staging/pull/1 ref 9d3db483e079d6139d5f8ce974ab7117142265e1 Could not find a status for repository cb-kubecd/environment-pr-190-8-gke-upgrade-staging with ref 9d3db483e079d6139d5f8ce974ab7117142265e1
WARNING: Failed to query the Pull Request last commit status for https://github.com/cb-kubecd/environment-pr-190-8-gke-upgrade-staging/pull/1 ref 9d3db483e079d6139d5f8ce974ab7117142265e1 Could not find a status for repository cb-kubecd/environment-pr-190-8-gke-upgrade-staging with ref 9d3db483e079d6139d5f8ce974ab7117142265e1
WARNING: Failed to query the Pull Request last commit status for https://github.com/cb-kubecd/environment-pr-190-8-gke-upgrade-staging/pull/1 ref 9d3db483e079d6139d5f8ce974ab7117142265e1 Could not find a status for repository cb-kubecd/environment-pr-190-8-gke-upgrade-staging with ref 9d3db483e079d6139d5f8ce974ab7117142265e1
WARNING: Failed to query the Pull Request last commit status for https://github.com/cb-kubecd/environment-pr-190-8-gke-upgrade-staging/pull/1 ref 9d3db483e079d6139d5f8ce974ab7117142265e1 Could not find a status for repository cb-kubecd/environment-pr-190-8-gke-upgrade-staging with ref 9d3db483e079d6139d5f8ce974ab7117142265e1
WARNING: Failed to query the Pull Request last commit status for https://github.com/cb-kubecd/environment-pr-190-8-gke-upgrade-staging/pull/1 ref 9d3db483e079d6139d5f8ce974ab7117142265e1 Could not find a status for repository cb-kubecd/environment-pr-190-8-gke-upgrade-staging with ref 9d3db483e079d6139d5f8ce974ab7117142265e1
WARNING: Failed to query the Pull Request last commit status for https://github.com/cb-kubecd/environment-pr-190-8-gke-upgrade-staging/pull/1 ref 9d3db483e079d6139d5f8ce974ab7117142265e1 Could not find a status for repository cb-kubecd/environment-pr-190-8-gke-upgrade-staging with ref 9d3db483e079d6139d5f8ce974ab7117142265e1
WARNING: Failed to query the Pull Request last commit status for https://github.com/cb-kubecd/environment-pr-190-8-gke-upgrade-staging/pull/1 ref 9d3db483e079d6139d5f8ce974ab7117142265e1 Could not find a status for repository cb-kubecd/environment-pr-190-8-gke-upgrade-staging with ref 9d3db483e079d6139d5f8ce974ab7117142265e1
WARNING: Failed to query the Pull Request last commit status for https://github.com/cb-kubecd/environment-pr-190-8-gke-upgrade-staging/pull/1 ref 9d3db483e079d6139d5f8ce974ab7117142265e1 Could not find a status for repository cb-kubecd/environment-pr-190-8-gke-upgrade-staging with ref 9d3db483e079d6139d5f8ce974ab7117142265e1
WARNING: Failed to query the Pull Request last commit status for https://github.com/cb-kubecd/environment-pr-190-8-gke-upgrade-staging/pull/1 ref 9d3db483e079d6139d5f8ce974ab7117142265e1 Could not find a status for repository cb-kubecd/environment-pr-190-8-gke-upgrade-staging with ref 9d3db483e079d6139d5f8ce974ab7117142265e1
WARNING: Failed to query the Pull Request last commit status for https://github.com/cb-kubecd/environment-pr-190-8-gke-upgrade-staging/pull/1 ref 9d3db483e079d6139d5f8ce974ab7117142265e1 Could not find a status for repository cb-kubecd/environment-pr-190-8-gke-upgrade-staging with ref 9d3db483e079d6139d5f8ce974ab7117142265e1
WARNING: Failed to query the Pull Request last commit status for https://github.com/cb-kubecd/environment-pr-190-8-gke-upgrade-staging/pull/1 ref 9d3db483e079d6139d5f8ce974ab7117142265e1 Could not find a status for repository cb-kubecd/environment-pr-190-8-gke-upgrade-staging with ref 9d3db483e079d6139d5f8ce974ab7117142265e1
WARNING: Failed to query the Pull Request last commit status for https://github.com/cb-kubecd/environment-pr-190-8-gke-upgrade-staging/pull/1 ref 9d3db483e079d6139d5f8ce974ab7117142265e1 Could not find a status for repository cb-kubecd/environment-pr-190-8-gke-upgrade-staging with ref 9d3db483e079d6139d5f8ce974ab7117142265e1
WARNING: Failed to query the Pull Request last commit status for https://github.com/cb-kubecd/environment-pr-190-8-gke-upgrade-staging/pull/1 ref 9d3db483e079d6139d5f8ce974ab7117142265e1 Could not find a status for repository cb-kubecd/environment-pr-190-8-gke-upgrade-staging with ref 9d3db483e079d6139d5f8ce974ab7117142265e1
WARNING: Failed to query the Pull Request last commit status for https://github.com/cb-kubecd/environment-pr-190-8-gke-upgrade-staging/pull/1 ref 9d3db483e079d6139d5f8ce974ab7117142265e1 Could not find a status for repository cb-kubecd/environment-pr-190-8-gke-upgrade-staging with ref 9d3db483e079d6139d5f8ce974ab7117142265e1
WARNING: Failed to query the Pull Request last commit status for https://github.com/cb-kubecd/environment-pr-190-8-gke-upgrade-staging/pull/1 ref 9d3db483e079d6139d5f8ce974ab7117142265e1 Could not find a status for repository cb-kubecd/environment-pr-190-8-gke-upgrade-staging with ref 9d3db483e079d6139d5f8ce974ab7117142265e1
WARNING: Failed to query the Pull Request last commit status for https://github.com/cb-kubecd/environment-pr-190-8-gke-upgrade-staging/pull/1 ref 9d3db483e079d6139d5f8ce974ab7117142265e1 Could not find a status for repository cb-kubecd/environment-pr-190-8-gke-upgrade-staging with ref 9d3db483e079d6139d5f8ce974ab7117142265e1
WARNING: Failed to query the Pull Request last commit status for https://github.com/cb-kubecd/environment-pr-190-8-gke-upgrade-staging/pull/1 ref 9d3db483e079d6139d5f8ce974ab7117142265e1 Could not find a status for repository cb-kubecd/environment-pr-190-8-gke-upgrade-staging with ref 9d3db483e079d6139d5f8ce974ab7117142265e1
WARNING: Failed to query the Pull Request last commit status for https://github.com/cb-kubecd/environment-pr-190-8-gke-upgrade-staging/pull/1 ref 9d3db483e079d6139d5f8ce974ab7117142265e1 Could not find a status for repository cb-kubecd/environment-pr-190-8-gke-upgrade-staging with ref 9d3db483e079d6139d5f8ce974ab7117142265e1
WARNING: Failed to query the Pull Request last commit status for https://github.com/cb-kubecd/environment-pr-190-8-gke-upgrade-staging/pull/1 ref 9d3db483e079d6139d5f8ce974ab7117142265e1 Could not find a status for repository cb-kubecd/environment-pr-190-8-gke-upgrade-staging with ref 9d3db483e079d6139d5f8ce974ab7117142265e1
WARNING: Failed to query the Pull Request last commit status for https://github.com/cb-kubecd/environment-pr-190-8-gke-upgrade-staging/pull/1 ref 9d3db483e079d6139d5f8ce974ab7117142265e1 Could not find a status for repository cb-kubecd/environment-pr-190-8-gke-upgrade-staging with ref 9d3db483e079d6139d5f8ce974ab7117142265e1
WARNING: Failed to query the Pull Request last commit status for https://github.com/cb-kubecd/environment-pr-190-8-gke-upgrade-staging/pull/1 ref 9d3db483e079d6139d5f8ce974ab7117142265e1 Could not find a status for repository cb-kubecd/environment-pr-190-8-gke-upgrade-staging with ref 9d3db483e079d6139d5f8ce974ab7117142265e1
WARNING: Failed to query the Pull Request last commit status for https://github.com/cb-kubecd/environment-pr-190-8-gke-upgrade-staging/pull/1 ref 9d3db483e079d6139d5f8ce974ab7117142265e1 Could not find a status for repository cb-kubecd/environment-pr-190-8-gke-upgrade-staging with ref 9d3db483e079d6139d5f8ce974ab7117142265e1
WARNING: Failed to query the Pull Request last commit status for https://github.com/cb-kubecd/environment-pr-190-8-gke-upgrade-staging/pull/1 ref 9d3db483e079d6139d5f8ce974ab7117142265e1 Could not find a status for repository cb-kubecd/environment-pr-190-8-gke-upgrade-staging with ref 9d3db483e079d6139d5f8ce974ab7117142265e1
WARNING: Failed to query the Pull Request last commit status for https://github.com/cb-kubecd/environment-pr-190-8-gke-upgrade-staging/pull/1 ref 9d3db483e079d6139d5f8ce974ab7117142265e1 Could not find a status for repository cb-kubecd/environment-pr-190-8-gke-upgrade-staging with ref 9d3db483e079d6139d5f8ce974ab7117142265e1
WARNING: Failed to query the Pull Request last commit status for https://github.com/cb-kubecd/environment-pr-190-8-gke-upgrade-staging/pull/1 ref 9d3db483e079d6139d5f8ce974ab7117142265e1 Could not find a status for repository cb-kubecd/environment-pr-190-8-gke-upgrade-staging with ref 9d3db483e079d6139d5f8ce974ab7117142265e1
WARNING: Failed to query the Pull Request last commit status for https://github.com/cb-kubecd/environment-pr-190-8-gke-upgrade-staging/pull/1 ref 9d3db483e079d6139d5f8ce974ab7117142265e1 Could not find a status for repository cb-kubecd/environment-pr-190-8-gke-upgrade-staging with ref 9d3db483e079d6139d5f8ce974ab7117142265e1
WARNING: Failed to query the Pull Request last commit status for https://github.com/cb-kubecd/environment-pr-190-8-gke-upgrade-staging/pull/1 ref 9d3db483e079d6139d5f8ce974ab7117142265e1 Could not find a status for repository cb-kubecd/environment-pr-190-8-gke-upgrade-staging with ref 9d3db483e079d6139d5f8ce974ab7117142265e1
WARNING: Failed to query the Pull Request last commit status for https://github.com/cb-kubecd/environment-pr-190-8-gke-upgrade-staging/pull/1 ref 9d3db483e079d6139d5f8ce974ab7117142265e1 Could not find a status for repository cb-kubecd/environment-pr-190-8-gke-upgrade-staging with ref 9d3db483e079d6139d5f8ce974ab7117142265e1
WARNING: Failed to query the Pull Request last commit status for https://github.com/cb-kubecd/environment-pr-190-8-gke-upgrade-staging/pull/1 ref 9d3db483e079d6139d5f8ce974ab7117142265e1 Could not find a status for repository cb-kubecd/environment-pr-190-8-gke-upgrade-staging with ref 9d3db483e079d6139d5f8ce974ab7117142265e1
WARNING: Failed to query the Pull Request last commit status for https://github.com/cb-kubecd/environment-pr-190-8-gke-upgrade-staging/pull/1 ref 9d3db483e079d6139d5f8ce974ab7117142265e1 Could not find a status for repository cb-kubecd/environment-pr-190-8-gke-upgrade-staging with ref 9d3db483e079d6139d5f8ce974ab7117142265e1
WARNING: Failed to query the Pull Request last commit status for https://github.com/cb-kubecd/environment-pr-190-8-gke-upgrade-staging/pull/1 ref 9d3db483e079d6139d5f8ce974ab7117142265e1 Could not find a status for repository cb-kubecd/environment-pr-190-8-gke-upgrade-staging with ref 9d3db483e079d6139d5f8ce974ab7117142265e1
WARNING: Failed to query the Pull Request last commit status for https://github.com/cb-kubecd/environment-pr-190-8-gke-upgrade-staging/pull/1 ref 9d3db483e079d6139d5f8ce974ab7117142265e1 Could not find a status for repository cb-kubecd/environment-pr-190-8-gke-upgrade-staging with ref 9d3db483e079d6139d5f8ce974ab7117142265e1
WARNING: Failed to query the Pull Request last commit status for https://github.com/cb-kubecd/environment-pr-190-8-gke-upgrade-staging/pull/1 ref 9d3db483e079d6139d5f8ce974ab7117142265e1 Could not find a status for repository cb-kubecd/environment-pr-190-8-gke-upgrade-staging with ref 9d3db483e079d6139d5f8ce974ab7117142265e1
WARNING: Failed to query the Pull Request last commit status for https://github.com/cb-kubecd/environment-pr-190-8-gke-upgrade-staging/pull/1 ref 9d3db483e079d6139d5f8ce974ab7117142265e1 Could not find a status for repository cb-kubecd/environment-pr-190-8-gke-upgrade-staging with ref 9d3db483e079d6139d5f8ce974ab7117142265e1
WARNING: Failed to query the Pull Request last commit status for https://github.com/cb-kubecd/environment-pr-190-8-gke-upgrade-staging/pull/1 ref 9d3db483e079d6139d5f8ce974ab7117142265e1 Could not find a status for repository cb-kubecd/environment-pr-190-8-gke-upgrade-staging with ref 9d3db483e079d6139d5f8ce974ab7117142265e1
WARNING: Failed to query the Pull Request last commit status for https://github.com/cb-kubecd/environment-pr-190-8-gke-upgrade-staging/pull/1 ref 9d3db483e079d6139d5f8ce974ab7117142265e1 Could not find a status for repository cb-kubecd/environment-pr-190-8-gke-upgrade-staging with ref 9d3db483e079d6139d5f8ce974ab7117142265e1
WARNING: Failed to query the Pull Request last commit status for https://github.com/cb-kubecd/environment-pr-190-8-gke-upgrade-staging/pull/1 ref 9d3db483e079d6139d5f8ce974ab7117142265e1 Could not find a status for repository cb-kubecd/environment-pr-190-8-gke-upgrade-staging with ref 9d3db483e079d6139d5f8ce974ab7117142265e1
WARNING: Failed to query the Pull Request last commit status for https://github.com/cb-kubecd/environment-pr-190-8-gke-upgrade-staging/pull/1 ref 9d3db483e079d6139d5f8ce974ab7117142265e1 Could not find a status for repository cb-kubecd/environment-pr-190-8-gke-upgrade-staging with ref 9d3db483e079d6139d5f8ce974ab7117142265e1
WARNING: Failed to query the Pull Request last commit status for https://github.com/cb-kubecd/environment-pr-190-8-gke-upgrade-staging/pull/1 ref 9d3db483e079d6139d5f8ce974ab7117142265e1 Could not find a status for repository cb-kubecd/environment-pr-190-8-gke-upgrade-staging with ref 9d3db483e079d6139d5f8ce974ab7117142265e1
WARNING: Failed to query the Pull Request last commit status for https://github.com/cb-kubecd/environment-pr-190-8-gke-upgrade-staging/pull/1 ref 9d3db483e079d6139d5f8ce974ab7117142265e1 Could not find a status for repository cb-kubecd/environment-pr-190-8-gke-upgrade-staging with ref 9d3db483e079d6139d5f8ce974ab7117142265e1
error: Timed out waiting for pull request https://github.com/cb-kubecd/environment-pr-190-8-gke-upgrade-staging/pull/1 to merge. Waited 1h0m0s
[31m
Pipeline failed on stage 'from-build-pack' : container 'step-promote-jx-promote'. The execution of the pipeline has stopped.[0m
